{
  "numTotalTestSuites": 29,
  "numPassedTestSuites": 29,
  "numFailedTestSuites": 0,
  "numPendingTestSuites": 0,
  "numTotalTests": 110,
  "numPassedTests": 110,
  "numFailedTests": 0,
  "numPendingTests": 0,
  "numTodoTests": 0,
  "snapshot": {
    "added": 0,
    "failure": false,
    "filesAdded": 0,
    "filesRemoved": 0,
    "filesRemovedList": [],
    "filesUnmatched": 0,
    "filesUpdated": 0,
    "matched": 0,
    "total": 0,
    "unchecked": 0,
    "uncheckedKeysByFile": [],
    "unmatched": 0,
    "updated": 0,
    "didUpdate": false
  },
  "startTime": 1784082464049,
  "success": true,
  "testResults": [
    {
      "assertionResults": [
        {
          "ancestorTitles": ["global handlers", "createGlobalGetHandler"],
          "fullName": "global handlers createGlobalGetHandler returns empty object when no record exists",
          "status": "passed",
          "title": "returns empty object when no record exists",
          "duration": 2.185624999999618,
          "failureMessages": [],
          "meta": {}
        },
        {
          "ancestorTitles": ["global handlers", "createGlobalGetHandler"],
          "fullName": "global handlers createGlobalGetHandler returns existing record",
          "status": "passed",
          "title": "returns existing record",
          "duration": 0.14191699999992125,
          "failureMessages": [],
          "meta": {}
        },
        {
          "ancestorTitles": ["global handlers", "createGlobalUpsertHandler"],
          "fullName": "global handlers createGlobalUpsertHandler creates record when none exists",
          "status": "passed",
          "title": "creates record when none exists",
          "duration": 0.2244580000001406,
          "failureMessages": [],
          "meta": {}
        },
        {
          "ancestorTitles": ["global handlers", "createGlobalUpsertHandler"],
          "fullName": "global handlers createGlobalUpsertHandler updates record when one exists",
          "status": "passed",
          "title": "updates record when one exists",
          "duration": 0.1378749999998945,
          "failureMessages": [],
          "meta": {}
        },
        {
          "ancestorTitles": ["global handlers", "createGlobalUpsertHandler"],
          "fullName": "global handlers createGlobalUpsertHandler returns 400 for missing body",
          "status": "passed",
          "title": "returns 400 for missing body",
          "duration": 0.10629199999993943,
          "failureMessages": [],
          "meta": {}
        },
        {
          "ancestorTitles": ["unique constraint error handling"],
          "fullName": "unique constraint error handling createHandler returns 409 on unique constraint violation",
          "status": "passed",
          "title": "createHandler returns 409 on unique constraint violation",
          "duration": 23.632458999999926,
          "failureMessages": [],
          "meta": {}
        },
        {
          "ancestorTitles": ["unique constraint error handling"],
          "fullName": "unique constraint error handling updateHandler returns 409 on unique constraint violation",
          "status": "passed",
          "title": "updateHandler returns 409 on unique constraint violation",
          "duration": 3.7575839999999516,
          "failureMessages": [],
          "meta": {}
        },
        {
          "ancestorTitles": ["adapter error handling"],
          "fullName": "adapter error handling listHandler returns 500 on adapter error",
          "status": "passed",
          "title": "listHandler returns 500 on adapter error",
          "duration": 1.0059579999997368,
          "failureMessages": [],
          "meta": {}
        },
        {
          "ancestorTitles": ["adapter error handling"],
          "fullName": "adapter error handling getHandler returns 500 on adapter error",
          "status": "passed",
          "title": "getHandler returns 500 on adapter error",
          "duration": 0.9374579999998787,
          "failureMessages": [],
          "meta": {}
        },
        {
          "ancestorTitles": ["adapter error handling"],
          "fullName": "adapter error handling createHandler returns 500 on adapter error",
          "status": "passed",
          "title": "createHandler returns 500 on adapter error",
          "duration": 1.2453749999999673,
          "failureMessages": [],
          "meta": {}
        },
        {
          "ancestorTitles": ["adapter error handling"],
          "fullName": "adapter error handling updateHandler returns 500 on adapter error",
          "status": "passed",
          "title": "updateHandler returns 500 on adapter error",
          "duration": 0.40925000000015643,
          "failureMessages": [],
          "meta": {}
        },
        {
          "ancestorTitles": ["adapter error handling"],
          "fullName": "adapter error handling globalGetHandler returns 500 on adapter error",
          "status": "passed",
          "title": "globalGetHandler returns 500 on adapter error",
          "duration": 0.3032079999998132,
          "failureMessages": [],
          "meta": {}
        },
        {
          "ancestorTitles": ["adapter error handling"],
          "fullName": "adapter error handling globalUpsertHandler returns 500 on adapter error",
          "status": "passed",
          "title": "globalUpsertHandler returns 500 on adapter error",
          "duration": 0.18037500000036744,
          "failureMessages": [],
          "meta": {}
        },
        {
          "ancestorTitles": ["query validation edge cases"],
          "fullName": "query validation edge cases listHandler rejects invalid limit",
          "status": "passed",
          "title": "listHandler rejects invalid limit",
          "duration": 0.11850000000004002,
          "failureMessages": [],
          "meta": {}
        },
        {
          "ancestorTitles": ["query validation edge cases"],
          "fullName": "query validation edge cases listHandler rejects negative limit",
          "status": "passed",
          "title": "listHandler rejects negative limit",
          "duration": 0.05383300000039526,
          "failureMessages": [],
          "meta": {}
        },
        {
          "ancestorTitles": ["query validation edge cases"],
          "fullName": "query validation edge cases listHandler rejects non-integer offset",
          "status": "passed",
          "title": "listHandler rejects non-integer offset",
          "duration": 0.049958999999944353,
          "failureMessages": [],
          "meta": {}
        },
        {
          "ancestorTitles": ["query validation edge cases"],
          "fullName": "query validation edge cases listHandler rejects empty sort string",
          "status": "passed",
          "title": "listHandler rejects empty sort string",
          "duration": 0.19195900000022448,
          "failureMessages": [],
          "meta": {}
        },
        {
          "ancestorTitles": ["draft/publish handlers"],
          "fullName": "draft/publish handlers createHandler sets _status to draft by default",
          "status": "passed",
          "title": "createHandler sets _status to draft by default",
          "duration": 5.948875000000044,
          "failureMessages": [],
          "meta": {}
        },
        {
          "ancestorTitles": ["draft/publish handlers"],
          "fullName": "draft/publish handlers createHandler sets _status to published when specified",
          "status": "passed",
          "title": "createHandler sets _status to published when specified",
          "duration": 2.0490420000000995,
          "failureMessages": [],
          "meta": {}
        },
        {
          "ancestorTitles": ["draft/publish handlers"],
          "fullName": "draft/publish handlers listHandler filters to published by default for draft-enabled collections",
          "status": "passed",
          "title": "listHandler filters to published by default for draft-enabled collections",
          "duration": 0.48108400000000984,
          "failureMessages": [],
          "meta": {}
        },
        {
          "ancestorTitles": ["draft/publish handlers"],
          "fullName": "draft/publish handlers listHandler respects explicit _status filter",
          "status": "passed",
          "title": "listHandler respects explicit _status filter",
          "duration": 0.38812499999994543,
          "failureMessages": [],
          "meta": {}
        },
        {
          "ancestorTitles": ["draft/publish handlers"],
          "fullName": "draft/publish handlers publishHandler sets _status to published",
          "status": "passed",
          "title": "publishHandler sets _status to published",
          "duration": 0.8036250000000109,
          "failureMessages": [],
          "meta": {}
        },
        {
          "ancestorTitles": ["draft/publish handlers"],
          "fullName": "draft/publish handlers unpublishHandler sets _status to draft",
          "status": "passed",
          "title": "unpublishHandler sets _status to draft",
          "duration": 0.5741670000002159,
          "failureMessages": [],
          "meta": {}
        },
        {
          "ancestorTitles": ["draft/publish handlers"],
          "fullName": "draft/publish handlers publishHandler returns 404 for missing entry",
          "status": "passed",
          "title": "publishHandler returns 404 for missing entry",
          "duration": 0.22158399999989342,
          "failureMessages": [],
          "meta": {}
        },
        {
          "ancestorTitles": ["draft/publish handlers"],
          "fullName": "draft/publish handlers updateHandler strips system fields from body",
          "status": "passed",
          "title": "updateHandler strips system fields from body",
          "duration": 1.1129169999999249,
          "failureMessages": [],
          "meta": {}
        },
        {
          "ancestorTitles": ["soft delete handlers"],
          "fullName": "soft delete handlers deleteHandler sets _deletedAt instead of removing the record",
          "status": "passed",
          "title": "deleteHandler sets _deletedAt instead of removing the record",
          "duration": 0.9483749999999418,
          "failureMessages": [],
          "meta": {}
        },
        {
          "ancestorTitles": ["soft delete handlers"],
          "fullName": "soft delete handlers deleteHandler hard-deletes when softDelete is not enabled",
          "status": "passed",
          "title": "deleteHandler hard-deletes when softDelete is not enabled",
          "duration": 1.2363330000002861,
          "failureMessages": [],
          "meta": {}
        },
        {
          "ancestorTitles": ["soft delete handlers"],
          "fullName": "soft delete handlers listHandler excludes soft-deleted entries by default",
          "status": "passed",
          "title": "listHandler excludes soft-deleted entries by default",
          "duration": 1.1386249999995925,
          "failureMessages": [],
          "meta": {}
        },
        {
          "ancestorTitles": ["soft delete handlers"],
          "fullName": "soft delete handlers listHandler includes deleted entries when deleted=true",
          "status": "passed",
          "title": "listHandler includes deleted entries when deleted=true",
          "duration": 0.6985409999997501,
          "failureMessages": [],
          "meta": {}
        },
        {
          "ancestorTitles": ["soft delete handlers"],
          "fullName": "soft delete handlers restoreHandler clears _deletedAt",
          "status": "passed",
          "title": "restoreHandler clears _deletedAt",
          "duration": 0.3894169999998667,
          "failureMessages": [],
          "meta": {}
        },
        {
          "ancestorTitles": ["soft delete handlers"],
          "fullName": "soft delete handlers restoreHandler returns 404 for missing entry",
          "status": "passed",
          "title": "restoreHandler returns 404 for missing entry",
          "duration": 1.0120830000000751,
          "failureMessages": [],
          "meta": {}
        },
        {
          "ancestorTitles": ["soft delete handlers"],
          "fullName": "soft delete handlers bulkDeleteHandler soft-deletes records",
          "status": "passed",
          "title": "bulkDeleteHandler soft-deletes records",
          "duration": 0.30804100000023027,
          "failureMessages": [],
          "meta": {}
        },
        {
          "ancestorTitles": ["soft delete handlers"],
          "fullName": "soft delete handlers deleteHandler returns 404 for missing entry",
          "status": "passed",
          "title": "deleteHandler returns 404 for missing entry",
          "duration": 0.06683300000031522,
          "failureMessages": [],
          "meta": {}
        },
        {
          "ancestorTitles": ["scheduled publishing handlers"],
          "fullName": "scheduled publishing handlers createHandler keeps status as draft when _publishAt is set",
          "status": "passed",
          "title": "createHandler keeps status as draft when _publishAt is set",
          "duration": 5.001834000000144,
          "failureMessages": [],
          "meta": {}
        },
        {
          "ancestorTitles": ["scheduled publishing handlers"],
          "fullName": "scheduled publishing handlers createHandler publishes immediately when _status is explicitly published",
          "status": "passed",
          "title": "createHandler publishes immediately when _status is explicitly published",
          "duration": 19.47870899999998,
          "failureMessages": [],
          "meta": {}
        },
        {
          "ancestorTitles": ["scheduled publishing handlers"],
          "fullName": "scheduled publishing handlers updateHandler preserves _publishAt in update",
          "status": "passed",
          "title": "updateHandler preserves _publishAt in update",
          "duration": 6.944749999999658,
          "failureMessages": [],
          "meta": {}
        }
      ],
      "startTime": 1784082468174,
      "endTime": 1784082468261.9448,
      "status": "passed",
      "message": "",
      "name": "/Volumes/ACASIS BIWIN 1TB/Personal/Projects/altrugenix_cms/packages/rest-api/test/handlers-edge.test.ts"
    },
    {
      "assertionResults": [
        {
          "ancestorTitles": ["createListVersionsHandler"],
          "fullName": "createListVersionsHandler returns versions for an entry",
          "status": "passed",
          "title": "returns versions for an entry",
          "duration": 6.079583999999613,
          "failureMessages": [],
          "meta": {}
        },
        {
          "ancestorTitles": ["createListVersionsHandler"],
          "fullName": "createListVersionsHandler returns 400 for missing id",
          "status": "passed",
          "title": "returns 400 for missing id",
          "duration": 0.20000000000027285,
          "failureMessages": [],
          "meta": {}
        },
        {
          "ancestorTitles": ["createListVersionsHandler"],
          "fullName": "createListVersionsHandler returns 500 on adapter error",
          "status": "passed",
          "title": "returns 500 on adapter error",
          "duration": 1.4112079999999878,
          "failureMessages": [],
          "meta": {}
        },
        {
          "ancestorTitles": ["createRestoreVersionHandler"],
          "fullName": "createRestoreVersionHandler restores a version",
          "status": "passed",
          "title": "restores a version",
          "duration": 2.2236659999998665,
          "failureMessages": [],
          "meta": {}
        },
        {
          "ancestorTitles": ["createRestoreVersionHandler"],
          "fullName": "createRestoreVersionHandler returns 400 for missing id or versionId",
          "status": "passed",
          "title": "returns 400 for missing id or versionId",
          "duration": 2.6539580000003298,
          "failureMessages": [],
          "meta": {}
        },
        {
          "ancestorTitles": ["createRestoreVersionHandler"],
          "fullName": "createRestoreVersionHandler returns 400 when only id is provided",
          "status": "passed",
          "title": "returns 400 when only id is provided",
          "duration": 0.1641660000000229,
          "failureMessages": [],
          "meta": {}
        },
        {
          "ancestorTitles": ["createRestoreVersionHandler"],
          "fullName": "createRestoreVersionHandler returns 404 when version not found",
          "status": "passed",
          "title": "returns 404 when version not found",
          "duration": 0.08970799999997325,
          "failureMessages": [],
          "meta": {}
        },
        {
          "ancestorTitles": ["createRestoreVersionHandler"],
          "fullName": "createRestoreVersionHandler returns 404 when updated record not found",
          "status": "passed",
          "title": "returns 404 when updated record not found",
          "duration": 1.0458330000001297,
          "failureMessages": [],
          "meta": {}
        },
        {
          "ancestorTitles": ["createRestoreVersionHandler"],
          "fullName": "createRestoreVersionHandler returns 500 on adapter error",
          "status": "passed",
          "title": "returns 500 on adapter error",
          "duration": 0.4650000000001455,
          "failureMessages": [],
          "meta": {}
        },
        {
          "ancestorTitles": ["createRestoreVersionHandler"],
          "fullName": "createRestoreVersionHandler strips system fields from version data before update",
          "status": "passed",
          "title": "strips system fields from version data before update",
          "duration": 0.4611249999998108,
          "failureMessages": [],
          "meta": {}
        },
        {
          "ancestorTitles": ["createSaveVersion with maxPerDoc"],
          "fullName": "createSaveVersion with maxPerDoc trims old versions when exceeding maxPerDoc",
          "status": "passed",
          "title": "trims old versions when exceeding maxPerDoc",
          "duration": 32.168083000000024,
          "failureMessages": [],
          "meta": {}
        }
      ],
      "startTime": 1784082468158,
      "endTime": 1784082468206.168,
      "status": "passed",
      "message": "",
      "name": "/Volumes/ACASIS BIWIN 1TB/Personal/Projects/altrugenix_cms/packages/rest-api/test/handlers-versions.test.ts"
    },
    {
      "assertionResults": [
        {
          "ancestorTitles": ["CRUD handlers"],
          "fullName": "CRUD handlers listHandler returns paginated results",
          "status": "passed",
          "title": "listHandler returns paginated results",
          "duration": 19.064833000000363,
          "failureMessages": [],
          "meta": {}
        },
        {
          "ancestorTitles": ["CRUD handlers"],
          "fullName": "CRUD handlers listHandler respects limit and offset",
          "status": "passed",
          "title": "listHandler respects limit and offset",
          "duration": 1.2892499999998108,
          "failureMessages": [],
          "meta": {}
        },
        {
          "ancestorTitles": ["CRUD handlers"],
          "fullName": "CRUD handlers listHandler respects sort",
          "status": "passed",
          "title": "listHandler respects sort",
          "duration": 21.220209000000068,
          "failureMessages": [],
          "meta": {}
        },
        {
          "ancestorTitles": ["CRUD handlers"],
          "fullName": "CRUD handlers listHandler respects field selection",
          "status": "passed",
          "title": "listHandler respects field selection",
          "duration": 0.9008750000002692,
          "failureMessages": [],
          "meta": {}
        },
        {
          "ancestorTitles": ["CRUD handlers"],
          "fullName": "CRUD handlers listHandler respects where filter",
          "status": "passed",
          "title": "listHandler respects where filter",
          "duration": 0.22108299999990777,
          "failureMessages": [],
          "meta": {}
        },
        {
          "ancestorTitles": ["CRUD handlers"],
          "fullName": "CRUD handlers listHandler populates relations",
          "status": "passed",
          "title": "listHandler populates relations",
          "duration": 0.30949999999984357,
          "failureMessages": [],
          "meta": {}
        },
        {
          "ancestorTitles": ["CRUD handlers"],
          "fullName": "CRUD handlers getHandler returns a single record",
          "status": "passed",
          "title": "getHandler returns a single record",
          "duration": 0.2892079999996895,
          "failureMessages": [],
          "meta": {}
        },
        {
          "ancestorTitles": ["CRUD handlers"],
          "fullName": "CRUD handlers getHandler returns 404 for missing record",
          "status": "passed",
          "title": "getHandler returns 404 for missing record",
          "duration": 0.5500409999999647,
          "failureMessages": [],
          "meta": {}
        },
        {
          "ancestorTitles": ["CRUD handlers"],
          "fullName": "CRUD handlers getHandler returns 400 for missing id",
          "status": "passed",
          "title": "getHandler returns 400 for missing id",
          "duration": 0.9178750000000946,
          "failureMessages": [],
          "meta": {}
        },
        {
          "ancestorTitles": ["CRUD handlers"],
          "fullName": "CRUD handlers getHandler populates relations",
          "status": "passed",
          "title": "getHandler populates relations",
          "duration": 0.6474589999997988,
          "failureMessages": [],
          "meta": {}
        },
        {
          "ancestorTitles": ["CRUD handlers"],
          "fullName": "CRUD handlers createHandler creates a record",
          "status": "passed",
          "title": "createHandler creates a record",
          "duration": 11.241917000000285,
          "failureMessages": [],
          "meta": {}
        },
        {
          "ancestorTitles": ["CRUD handlers"],
          "fullName": "CRUD handlers createHandler returns 400 for missing body",
          "status": "passed",
          "title": "createHandler returns 400 for missing body",
          "duration": 0.3362090000000535,
          "failureMessages": [],
          "meta": {}
        },
        {
          "ancestorTitles": ["CRUD handlers"],
          "fullName": "CRUD handlers createHandler returns 400 for validation failure",
          "status": "passed",
          "title": "createHandler returns 400 for validation failure",
          "duration": 3.4237080000002607,
          "failureMessages": [],
          "meta": {}
        },
        {
          "ancestorTitles": ["CRUD handlers"],
          "fullName": "CRUD handlers updateHandler updates a record",
          "status": "passed",
          "title": "updateHandler updates a record",
          "duration": 13.850999999999658,
          "failureMessages": [],
          "meta": {}
        },
        {
          "ancestorTitles": ["CRUD handlers"],
          "fullName": "CRUD handlers updateHandler returns 404 for missing record",
          "status": "passed",
          "title": "updateHandler returns 404 for missing record",
          "duration": 1.1099159999998847,
          "failureMessages": [],
          "meta": {}
        },
        {
          "ancestorTitles": ["CRUD handlers"],
          "fullName": "CRUD handlers deleteHandler deletes a record",
          "status": "passed",
          "title": "deleteHandler deletes a record",
          "duration": 0.48137499999984357,
          "failureMessages": [],
          "meta": {}
        },
        {
          "ancestorTitles": ["CRUD handlers"],
          "fullName": "CRUD handlers deleteHandler returns 404 for missing record",
          "status": "passed",
          "title": "deleteHandler returns 404 for missing record",
          "duration": 6.29162499999984,
          "failureMessages": [],
          "meta": {}
        },
        {
          "ancestorTitles": ["CRUD handlers"],
          "fullName": "CRUD handlers bulkDeleteHandler deletes multiple records",
          "status": "passed",
          "title": "bulkDeleteHandler deletes multiple records",
          "duration": 5.644166000000041,
          "failureMessages": [],
          "meta": {}
        },
        {
          "ancestorTitles": ["CRUD handlers"],
          "fullName": "CRUD handlers bulkDeleteHandler returns 400 for missing ids",
          "status": "passed",
          "title": "bulkDeleteHandler returns 400 for missing ids",
          "duration": 42.626124999999774,
          "failureMessages": [],
          "meta": {}
        },
        {
          "ancestorTitles": ["CRUD handlers"],
          "fullName": "CRUD handlers bulkDeleteHandler returns 400 for empty ids array",
          "status": "passed",
          "title": "bulkDeleteHandler returns 400 for empty ids array",
          "duration": 0.6569580000000315,
          "failureMessages": [],
          "meta": {}
        }
      ],
      "startTime": 1784082468178,
      "endTime": 1784082468319.657,
      "status": "passed",
      "message": "",
      "name": "/Volumes/ACASIS BIWIN 1TB/Personal/Projects/altrugenix_cms/packages/rest-api/test/handlers.test.ts"
    },
    {
      "assertionResults": [
        {
          "ancestorTitles": ["generateOpenApiSpec"],
          "fullName": "generateOpenApiSpec generates a valid OpenAPI 3.1 spec",
          "status": "passed",
          "title": "generates a valid OpenAPI 3.1 spec",
          "duration": 37.106750000000375,
          "failureMessages": [],
          "meta": {}
        },
        {
          "ancestorTitles": ["generateOpenApiSpec"],
          "fullName": "generateOpenApiSpec includes paths for all CRUD routes",
          "status": "passed",
          "title": "includes paths for all CRUD routes",
          "duration": 4.133542000000034,
          "failureMessages": [],
          "meta": {}
        },
        {
          "ancestorTitles": ["generateOpenApiSpec"],
          "fullName": "generateOpenApiSpec includes component schemas for the collection",
          "status": "passed",
          "title": "includes component schemas for the collection",
          "duration": 2.2525409999998374,
          "failureMessages": [],
          "meta": {}
        },
        {
          "ancestorTitles": ["generateOpenApiSpec"],
          "fullName": "generateOpenApiSpec maps field types correctly in response schema",
          "status": "passed",
          "title": "maps field types correctly in response schema",
          "duration": 0.5477920000002996,
          "failureMessages": [],
          "meta": {}
        },
        {
          "ancestorTitles": ["generateOpenApiSpec"],
          "fullName": "generateOpenApiSpec uses custom title and version",
          "status": "passed",
          "title": "uses custom title and version",
          "duration": 1.7486669999998412,
          "failureMessages": [],
          "meta": {}
        },
        {
          "ancestorTitles": ["generateOpenApiSpec"],
          "fullName": "generateOpenApiSpec generates spec for multiple collections",
          "status": "passed",
          "title": "generates spec for multiple collections",
          "duration": 1.8932499999996253,
          "failureMessages": [],
          "meta": {}
        },
        {
          "ancestorTitles": ["generateOpenApiSpec"],
          "fullName": "generateOpenApiSpec handles json and checkbox field types",
          "status": "passed",
          "title": "handles json and checkbox field types",
          "duration": 1.0387909999999465,
          "failureMessages": [],
          "meta": {}
        },
        {
          "ancestorTitles": ["generateOpenApiSpec"],
          "fullName": "generateOpenApiSpec uses custom description",
          "status": "passed",
          "title": "uses custom description",
          "duration": 0.648124999999709,
          "failureMessages": [],
          "meta": {}
        },
        {
          "ancestorTitles": ["generateOpenApiSpec"],
          "fullName": "generateOpenApiSpec handles POST route responses correctly",
          "status": "passed",
          "title": "handles POST route responses correctly",
          "duration": 0.228458000000046,
          "failureMessages": [],
          "meta": {}
        },
        {
          "ancestorTitles": ["generateOpenApiSpec"],
          "fullName": "generateOpenApiSpec handles GET single route with id parameter",
          "status": "passed",
          "title": "handles GET single route with id parameter",
          "duration": 0.9339169999998376,
          "failureMessages": [],
          "meta": {}
        },
        {
          "ancestorTitles": ["generateOpenApiSpec"],
          "fullName": "generateOpenApiSpec handles GET list route with query parameters",
          "status": "passed",
          "title": "handles GET list route with query parameters",
          "duration": 12.840541999999914,
          "failureMessages": [],
          "meta": {}
        }
      ],
      "startTime": 1784082468319,
      "endTime": 1784082468384.8406,
      "status": "passed",
      "message": "",
      "name": "/Volumes/ACASIS BIWIN 1TB/Personal/Projects/altrugenix_cms/packages/rest-api/test/openapi.test.ts"
    },
    {
      "assertionResults": [
        {
          "ancestorTitles": ["package exports"],
          "fullName": "package exports exports all public API functions",
          "status": "passed",
          "title": "exports all public API functions",
          "duration": 412.8867500000001,
          "failureMessages": [],
          "meta": {}
        },
        {
          "ancestorTitles": ["types module"],
          "fullName": "types module loads types module without error",
          "status": "passed",
          "title": "loads types module without error",
          "duration": 32.560457999999926,
          "failureMessages": [],
          "meta": {}
        }
      ],
      "startTime": 1784082467758,
      "endTime": 1784082468205.5605,
      "status": "passed",
      "message": "",
      "name": "/Volumes/ACASIS BIWIN 1TB/Personal/Projects/altrugenix_cms/packages/rest-api/test/placeholder.test.ts"
    },
    {
      "assertionResults": [
        {
          "ancestorTitles": ["registerRoutes"],
          "fullName": "registerRoutes registers all routes from definitions",
          "status": "passed",
          "title": "registers all routes from definitions",
          "duration": 12.621500000000196,
          "failureMessages": [],
          "meta": {}
        },
        {
          "ancestorTitles": ["registerRoutes"],
          "fullName": "registerRoutes passes request context to route handler",
          "status": "passed",
          "title": "passes request context to route handler",
          "duration": 9.608666999999969,
          "failureMessages": [],
          "meta": {}
        },
        {
          "ancestorTitles": ["registerRoutes"],
          "fullName": "registerRoutes sends status code and body via reply",
          "status": "passed",
          "title": "sends status code and body via reply",
          "duration": 3.7697500000003856,
          "failureMessages": [],
          "meta": {}
        },
        {
          "ancestorTitles": ["registerRoutes"],
          "fullName": "registerRoutes sends response headers when provided by handler",
          "status": "passed",
          "title": "sends response headers when provided by handler",
          "duration": 0.37462500000037835,
          "failureMessages": [],
          "meta": {}
        },
        {
          "ancestorTitles": ["registerRoutes"],
          "fullName": "registerRoutes handles handler rejection with 500",
          "status": "passed",
          "title": "handles handler rejection with 500",
          "duration": 0.3431660000001102,
          "failureMessages": [],
          "meta": {}
        },
        {
          "ancestorTitles": ["registerRoutes"],
          "fullName": "registerRoutes handles empty route array",
          "status": "passed",
          "title": "handles empty route array",
          "duration": 0.17141700000001947,
          "failureMessages": [],
          "meta": {}
        },
        {
          "ancestorTitles": ["registerRoutes"],
          "fullName": "registerRoutes handles non-Error throw with fallback message",
          "status": "passed",
          "title": "handles non-Error throw with fallback message",
          "duration": 0.19491599999992104,
          "failureMessages": [],
          "meta": {}
        },
        {
          "ancestorTitles": ["registerRoutes"],
          "fullName": "registerRoutes passes collection to handler context",
          "status": "passed",
          "title": "passes collection to handler context",
          "duration": 0.12037499999996726,
          "failureMessages": [],
          "meta": {}
        }
      ],
      "startTime": 1784082467977,
      "endTime": 1784082468004.1948,
      "status": "passed",
      "message": "",
      "name": "/Volumes/ACASIS BIWIN 1TB/Personal/Projects/altrugenix_cms/packages/rest-api/test/register.test.ts"
    },
    {
      "assertionResults": [
        {
          "ancestorTitles": ["createCollectionRouter"],
          "fullName": "createCollectionRouter generates 6 routes for a collection (5 CRUD + 1 bulk delete)",
          "status": "passed",
          "title": "generates 6 routes for a collection (5 CRUD + 1 bulk delete)",
          "duration": 7.049999999999727,
          "failureMessages": [],
          "meta": {}
        },
        {
          "ancestorTitles": ["createCollectionRouter"],
          "fullName": "createCollectionRouter generates list route",
          "status": "passed",
          "title": "generates list route",
          "duration": 8.022292000000107,
          "failureMessages": [],
          "meta": {}
        },
        {
          "ancestorTitles": ["createCollectionRouter"],
          "fullName": "createCollectionRouter generates get route",
          "status": "passed",
          "title": "generates get route",
          "duration": 0.4503749999998945,
          "failureMessages": [],
          "meta": {}
        },
        {
          "ancestorTitles": ["createCollectionRouter"],
          "fullName": "createCollectionRouter generates create route",
          "status": "passed",
          "title": "generates create route",
          "duration": 0.33987500000012005,
          "failureMessages": [],
          "meta": {}
        },
        {
          "ancestorTitles": ["createCollectionRouter"],
          "fullName": "createCollectionRouter generates update route",
          "status": "passed",
          "title": "generates update route",
          "duration": 9.06333399999994,
          "failureMessages": [],
          "meta": {}
        },
        {
          "ancestorTitles": ["createCollectionRouter"],
          "fullName": "createCollectionRouter generates delete route",
          "status": "passed",
          "title": "generates delete route",
          "duration": 0.13954100000000835,
          "failureMessages": [],
          "meta": {}
        },
        {
          "ancestorTitles": ["createCollectionRouter"],
          "fullName": "createCollectionRouter uses custom basePath",
          "status": "passed",
          "title": "uses custom basePath",
          "duration": 3.6402499999999236,
          "failureMessages": [],
          "meta": {}
        },
        {
          "ancestorTitles": ["createCollectionRouter"],
          "fullName": "createCollectionRouter handles slug with hyphens",
          "status": "passed",
          "title": "handles slug with hyphens",
          "duration": 10.640875000000051,
          "failureMessages": [],
          "meta": {}
        },
        {
          "ancestorTitles": ["createCollectionRouter"],
          "fullName": "createCollectionRouter adds restore route when softDelete enabled",
          "status": "passed",
          "title": "adds restore route when softDelete enabled",
          "duration": 2.3472499999998035,
          "failureMessages": [],
          "meta": {}
        },
        {
          "ancestorTitles": ["createCollectionRouter"],
          "fullName": "createCollectionRouter adds publish/unpublish routes when drafts enabled",
          "status": "passed",
          "title": "adds publish/unpublish routes when drafts enabled",
          "duration": 0.5936670000000959,
          "failureMessages": [],
          "meta": {}
        },
        {
          "ancestorTitles": ["middleware hooks"],
          "fullName": "middleware hooks passes through when no hooks are provided",
          "status": "passed",
          "title": "passes through when no hooks are provided",
          "duration": 1.0927919999999176,
          "failureMessages": [],
          "meta": {}
        },
        {
          "ancestorTitles": ["middleware hooks"],
          "fullName": "middleware hooks passes through when hooks are empty",
          "status": "passed",
          "title": "passes through when hooks are empty",
          "duration": 0.28570899999976973,
          "failureMessages": [],
          "meta": {}
        },
        {
          "ancestorTitles": ["middleware hooks"],
          "fullName": "middleware hooks runs before hooks before handler",
          "status": "passed",
          "title": "runs before hooks before handler",
          "duration": 2.501916000000165,
          "failureMessages": [],
          "meta": {}
        },
        {
          "ancestorTitles": ["middleware hooks"],
          "fullName": "middleware hooks runs after hooks after handler",
          "status": "passed",
          "title": "runs after hooks after handler",
          "duration": 0.8290830000000824,
          "failureMessages": [],
          "meta": {}
        },
        {
          "ancestorTitles": ["middleware hooks"],
          "fullName": "middleware hooks before hook can short-circuit by returning a result",
          "status": "passed",
          "title": "before hook can short-circuit by returning a result",
          "duration": 0.23666599999978644,
          "failureMessages": [],
          "meta": {}
        },
        {
          "ancestorTitles": ["middleware hooks"],
          "fullName": "middleware hooks after hook can modify the result",
          "status": "passed",
          "title": "after hook can modify the result",
          "duration": 0.1323330000000169,
          "failureMessages": [],
          "meta": {}
        },
        {
          "ancestorTitles": ["middleware hooks"],
          "fullName": "middleware hooks middleware is applied to all routes via config",
          "status": "passed",
          "title": "middleware is applied to all routes via config",
          "duration": 1.3372919999997066,
          "failureMessages": [],
          "meta": {}
        },
        {
          "ancestorTitles": ["createCollectionRouters"],
          "fullName": "createCollectionRouters generates routers for multiple collections",
          "status": "passed",
          "title": "generates routers for multiple collections",
          "duration": 11.283500000000004,
          "failureMessages": [],
          "meta": {}
        },
        {
          "ancestorTitles": ["createGlobalRouter"],
          "fullName": "createGlobalRouter generates GET and PUT routes for a global",
          "status": "passed",
          "title": "generates GET and PUT routes for a global",
          "duration": 0.5565419999998085,
          "failureMessages": [],
          "meta": {}
        },
        {
          "ancestorTitles": ["createGlobalRouter"],
          "fullName": "createGlobalRouter uses custom basePath",
          "status": "passed",
          "title": "uses custom basePath",
          "duration": 0.15933300000006057,
          "failureMessages": [],
          "meta": {}
        },
        {
          "ancestorTitles": ["createGlobalRouters"],
          "fullName": "createGlobalRouters generates routers for multiple globals",
          "status": "passed",
          "title": "generates routers for multiple globals",
          "duration": 0.20829200000025594,
          "failureMessages": [],
          "meta": {}
        },
        {
          "ancestorTitles": ["createGlobalRouters"],
          "fullName": "createGlobalRouters passes config to each router",
          "status": "passed",
          "title": "passes config to each router",
          "duration": 0.049332999999933236,
          "failureMessages": [],
          "meta": {}
        }
      ],
      "startTime": 1784082468178,
      "endTime": 1784082468254.2083,
      "status": "passed",
      "message": "",
      "name": "/Volumes/ACASIS BIWIN 1TB/Personal/Projects/altrugenix_cms/packages/rest-api/test/route-generator.test.ts"
    }
  ],
  "coverageMap": {
    "/Volumes/ACASIS BIWIN 1TB/Personal/Projects/altrugenix_cms/packages/rest-api/src/handlers.ts": {
      "path": "/Volumes/ACASIS BIWIN 1TB/Personal/Projects/altrugenix_cms/packages/rest-api/src/handlers.ts",
      "all": false,
      "statementMap": {
        "7": { "start": { "line": 8, "column": 0 }, "end": { "line": 8, "column": 91 } },
        "10": { "start": { "line": 11, "column": 0 }, "end": { "line": 11, "column": 52 } },
        "11": { "start": { "line": 12, "column": 0 }, "end": { "line": 12, "column": 44 } },
        "12": { "start": { "line": 13, "column": 0 }, "end": { "line": 13, "column": 1 } },
        "14": { "start": { "line": 15, "column": 0 }, "end": { "line": 15, "column": 57 } },
        "15": { "start": { "line": 16, "column": 0 }, "end": { "line": 16, "column": 82 } },
        "16": { "start": { "line": 17, "column": 0 }, "end": { "line": 17, "column": 1 } },
        "18": { "start": { "line": 19, "column": 0 }, "end": { "line": 19, "column": 64 } },
        "19": { "start": { "line": 20, "column": 0 }, "end": { "line": 20, "column": 24 } },
        "20": { "start": { "line": 21, "column": 0 }, "end": { "line": 21, "column": 62 } },
        "21": { "start": { "line": 22, "column": 0 }, "end": { "line": 22, "column": 1 } },
        "23": { "start": { "line": 24, "column": 0 }, "end": { "line": 24, "column": 44 } },
        "24": { "start": { "line": 25, "column": 0 }, "end": { "line": 25, "column": 24 } },
        "25": { "start": { "line": 26, "column": 0 }, "end": { "line": 26, "column": 46 } },
        "26": { "start": { "line": 27, "column": 0 }, "end": { "line": 27, "column": 1 } },
        "28": { "start": { "line": 29, "column": 0 }, "end": { "line": 29, "column": 78 } },
        "29": { "start": { "line": 30, "column": 0 }, "end": { "line": 30, "column": 48 } },
        "30": { "start": { "line": 31, "column": 0 }, "end": { "line": 31, "column": 31 } },
        "31": { "start": { "line": 32, "column": 0 }, "end": { "line": 32, "column": 50 } },
        "32": { "start": { "line": 33, "column": 0 }, "end": { "line": 33, "column": 29 } },
        "33": { "start": { "line": 34, "column": 0 }, "end": { "line": 34, "column": 40 } },
        "34": { "start": { "line": 35, "column": 0 }, "end": { "line": 35, "column": 23 } },
        "35": { "start": { "line": 36, "column": 0 }, "end": { "line": 36, "column": 25 } },
        "36": { "start": { "line": 37, "column": 0 }, "end": { "line": 37, "column": 12 } },
        "37": { "start": { "line": 38, "column": 0 }, "end": { "line": 38, "column": 41 } },
        "38": { "start": { "line": 39, "column": 0 }, "end": { "line": 39, "column": 40 } },
        "39": { "start": { "line": 40, "column": 0 }, "end": { "line": 40, "column": 52 } },
        "40": { "start": { "line": 41, "column": 0 }, "end": { "line": 41, "column": 5 } },
        "41": { "start": { "line": 42, "column": 0 }, "end": { "line": 42, "column": 3 } },
        "42": { "start": { "line": 43, "column": 0 }, "end": { "line": 43, "column": 57 } },
        "43": { "start": { "line": 44, "column": 0 }, "end": { "line": 44, "column": 1 } },
        "45": { "start": { "line": 46, "column": 0 }, "end": { "line": 46, "column": 99 } },
        "46": { "start": { "line": 47, "column": 0 }, "end": { "line": 47, "column": 34 } },
        "47": { "start": { "line": 48, "column": 0 }, "end": { "line": 48, "column": 34 } },
        "48": { "start": { "line": 49, "column": 0 }, "end": { "line": 49, "column": 64 } },
        "49": { "start": { "line": 50, "column": 0 }, "end": { "line": 50, "column": 48 } },
        "50": { "start": { "line": 51, "column": 0 }, "end": { "line": 51, "column": 5 } },
        "51": { "start": { "line": 52, "column": 0 }, "end": { "line": 52, "column": 3 } },
        "52": { "start": { "line": 53, "column": 0 }, "end": { "line": 53, "column": 35 } },
        "53": { "start": { "line": 54, "column": 0 }, "end": { "line": 54, "column": 35 } },
        "54": { "start": { "line": 55, "column": 0 }, "end": { "line": 55, "column": 63 } },
        "55": { "start": { "line": 56, "column": 0 }, "end": { "line": 56, "column": 53 } },
        "56": { "start": { "line": 57, "column": 0 }, "end": { "line": 57, "column": 5 } },
        "57": { "start": { "line": 58, "column": 0 }, "end": { "line": 58, "column": 3 } },
        "58": { "start": { "line": 59, "column": 0 }, "end": { "line": 59, "column": 95 } },
        "59": { "start": { "line": 60, "column": 0 }, "end": { "line": 60, "column": 45 } },
        "60": { "start": { "line": 61, "column": 0 }, "end": { "line": 61, "column": 3 } },
        "61": { "start": { "line": 62, "column": 0 }, "end": { "line": 62, "column": 14 } },
        "62": { "start": { "line": 63, "column": 0 }, "end": { "line": 63, "column": 1 } },
        "64": { "start": { "line": 65, "column": 0 }, "end": { "line": 65, "column": 58 } },
        "65": { "start": { "line": 66, "column": 0 }, "end": { "line": 66, "column": 48 } },
        "66": { "start": { "line": 67, "column": 0 }, "end": { "line": 67, "column": 20 } },
        "67": { "start": { "line": 68, "column": 0 }, "end": { "line": 68, "column": 15 } },
        "68": { "start": { "line": 69, "column": 0 }, "end": { "line": 69, "column": 25 } },
        "69": { "start": { "line": 70, "column": 0 }, "end": { "line": 70, "column": 21 } },
        "70": { "start": { "line": 71, "column": 0 }, "end": { "line": 71, "column": 48 } },
        "71": { "start": { "line": 72, "column": 0 }, "end": { "line": 72, "column": 1 } },
        "73": { "start": { "line": 74, "column": 0 }, "end": { "line": 74, "column": 60 } },
        "74": { "start": { "line": 75, "column": 0 }, "end": { "line": 75, "column": 48 } },
        "75": { "start": { "line": 76, "column": 0 }, "end": { "line": 76, "column": 20 } },
        "76": { "start": { "line": 77, "column": 0 }, "end": { "line": 77, "column": 15 } },
        "77": { "start": { "line": 78, "column": 0 }, "end": { "line": 78, "column": 25 } },
        "78": { "start": { "line": 79, "column": 0 }, "end": { "line": 79, "column": 21 } },
        "79": { "start": { "line": 80, "column": 0 }, "end": { "line": 80, "column": 48 } },
        "80": { "start": { "line": 81, "column": 0 }, "end": { "line": 81, "column": 1 } },
        "82": { "start": { "line": 83, "column": 0 }, "end": { "line": 83, "column": 20 } },
        "83": { "start": { "line": 84, "column": 0 }, "end": { "line": 84, "column": 55 } },
        "84": { "start": { "line": 85, "column": 0 }, "end": { "line": 85, "column": 40 } },
        "85": { "start": { "line": 86, "column": 0 }, "end": { "line": 86, "column": 44 } },
        "86": { "start": { "line": 87, "column": 0 }, "end": { "line": 87, "column": 23 } },
        "87": { "start": { "line": 88, "column": 0 }, "end": { "line": 88, "column": 53 } },
        "88": { "start": { "line": 89, "column": 0 }, "end": { "line": 89, "column": 82 } },
        "89": { "start": { "line": 90, "column": 0 }, "end": { "line": 90, "column": 35 } },
        "90": { "start": { "line": 91, "column": 0 }, "end": { "line": 91, "column": 40 } },
        "91": { "start": { "line": 92, "column": 0 }, "end": { "line": 92, "column": 30 } },
        "92": { "start": { "line": 93, "column": 0 }, "end": { "line": 93, "column": 22 } },
        "93": { "start": { "line": 94, "column": 0 }, "end": { "line": 94, "column": 5 } },
        "94": { "start": { "line": 95, "column": 0 }, "end": { "line": 95, "column": 3 } },
        "95": { "start": { "line": 96, "column": 0 }, "end": { "line": 96, "column": 38 } },
        "96": { "start": { "line": 97, "column": 0 }, "end": { "line": 97, "column": 1 } },
        "98": { "start": { "line": 99, "column": 0 }, "end": { "line": 99, "column": 22 } },
        "99": { "start": { "line": 100, "column": 0 }, "end": { "line": 100, "column": 27 } },
        "100": { "start": { "line": 101, "column": 0 }, "end": { "line": 101, "column": 22 } },
        "101": { "start": { "line": 102, "column": 0 }, "end": { "line": 102, "column": 26 } },
        "102": { "start": { "line": 103, "column": 0 }, "end": { "line": 103, "column": 17 } },
        "103": { "start": { "line": 104, "column": 0 }, "end": { "line": 104, "column": 10 } },
        "104": { "start": { "line": 105, "column": 0 }, "end": { "line": 105, "column": 69 } },
        "105": { "start": { "line": 106, "column": 0 }, "end": { "line": 106, "column": 42 } },
        "106": { "start": { "line": 107, "column": 0 }, "end": { "line": 107, "column": 36 } },
        "107": { "start": { "line": 108, "column": 0 }, "end": { "line": 108, "column": 33 } },
        "108": { "start": { "line": 109, "column": 0 }, "end": { "line": 109, "column": 42 } },
        "109": { "start": { "line": 110, "column": 0 }, "end": { "line": 110, "column": 48 } },
        "110": { "start": { "line": 111, "column": 0 }, "end": { "line": 111, "column": 4 } },
        "111": { "start": { "line": 112, "column": 0 }, "end": { "line": 112, "column": 1 } },
        "113": { "start": { "line": 114, "column": 0 }, "end": { "line": 114, "column": 74 } },
        "114": { "start": { "line": 115, "column": 0 }, "end": { "line": 115, "column": 35 } },
        "115": { "start": { "line": 116, "column": 0 }, "end": { "line": 116, "column": 1 } },
        "117": { "start": { "line": 118, "column": 0 }, "end": { "line": 118, "column": 79 } },
        "118": { "start": { "line": 119, "column": 0 }, "end": { "line": 119, "column": 51 } },
        "119": { "start": { "line": 120, "column": 0 }, "end": { "line": 120, "column": 1 } },
        "123": { "start": { "line": 124, "column": 0 }, "end": { "line": 124, "column": 94 } },
        "124": { "start": { "line": 125, "column": 0 }, "end": { "line": 125, "column": 35 } },
        "125": { "start": { "line": 126, "column": 0 }, "end": { "line": 126, "column": 48 } },
        "126": { "start": { "line": 127, "column": 0 }, "end": { "line": 127, "column": 44 } },
        "127": { "start": { "line": 128, "column": 0 }, "end": { "line": 128, "column": 30 } },
        "128": { "start": { "line": 129, "column": 0 }, "end": { "line": 129, "column": 26 } },
        "129": { "start": { "line": 130, "column": 0 }, "end": { "line": 130, "column": 32 } },
        "130": { "start": { "line": 131, "column": 0 }, "end": { "line": 131, "column": 32 } },
        "131": { "start": { "line": 132, "column": 0 }, "end": { "line": 132, "column": 31 } },
        "132": { "start": { "line": 133, "column": 0 }, "end": { "line": 133, "column": 30 } },
        "133": { "start": { "line": 134, "column": 0 }, "end": { "line": 134, "column": 64 } },
        "134": { "start": { "line": 135, "column": 0 }, "end": { "line": 135, "column": 12 } },
        "135": { "start": { "line": 136, "column": 0 }, "end": { "line": 136, "column": 31 } },
        "136": { "start": { "line": 137, "column": 0 }, "end": { "line": 137, "column": 32 } },
        "137": { "start": { "line": 138, "column": 0 }, "end": { "line": 138, "column": 5 } },
        "138": { "start": { "line": 139, "column": 0 }, "end": { "line": 139, "column": 3 } },
        "139": { "start": { "line": 140, "column": 0 }, "end": { "line": 140, "column": 32 } },
        "140": { "start": { "line": 141, "column": 0 }, "end": { "line": 141, "column": 1 } },
        "142": { "start": { "line": 143, "column": 0 }, "end": { "line": 143, "column": 30 } },
        "143": { "start": { "line": 144, "column": 0 }, "end": { "line": 144, "column": 37 } },
        "144": { "start": { "line": 145, "column": 0 }, "end": { "line": 145, "column": 16 } },
        "145": { "start": { "line": 146, "column": 0 }, "end": { "line": 146, "column": 51 } },
        "146": { "start": { "line": 147, "column": 0 }, "end": { "line": 147, "column": 35 } },
        "147": { "start": { "line": 148, "column": 0 }, "end": { "line": 148, "column": 9 } },
        "148": { "start": { "line": 149, "column": 0 }, "end": { "line": 149, "column": 44 } },
        "149": { "start": { "line": 150, "column": 0 }, "end": { "line": 150, "column": 30 } },
        "150": { "start": { "line": 151, "column": 0 }, "end": { "line": 151, "column": 26 } },
        "151": { "start": { "line": 152, "column": 0 }, "end": { "line": 152, "column": 32 } },
        "152": { "start": { "line": 153, "column": 0 }, "end": { "line": 153, "column": 32 } },
        "153": { "start": { "line": 154, "column": 0 }, "end": { "line": 154, "column": 19 } },
        "154": { "start": { "line": 155, "column": 0 }, "end": { "line": 155, "column": 32 } },
        "155": { "start": { "line": 156, "column": 0 }, "end": { "line": 156, "column": 85 } },
        "156": { "start": { "line": 157, "column": 0 }, "end": { "line": 157, "column": 50 } },
        "157": { "start": { "line": 158, "column": 0 }, "end": { "line": 158, "column": 3 } },
        "158": { "start": { "line": 159, "column": 0 }, "end": { "line": 159, "column": 1 } },
        "160": { "start": { "line": 161, "column": 0 }, "end": { "line": 161, "column": 27 } },
        "161": { "start": { "line": 162, "column": 0 }, "end": { "line": 162, "column": 37 } },
        "162": { "start": { "line": 163, "column": 0 }, "end": { "line": 163, "column": 27 } },
        "163": { "start": { "line": 164, "column": 0 }, "end": { "line": 164, "column": 35 } },
        "164": { "start": { "line": 165, "column": 0 }, "end": { "line": 165, "column": 27 } },
        "165": { "start": { "line": 166, "column": 0 }, "end": { "line": 166, "column": 18 } },
        "166": { "start": { "line": 167, "column": 0 }, "end": { "line": 167, "column": 69 } },
        "167": { "start": { "line": 168, "column": 0 }, "end": { "line": 168, "column": 37 } },
        "168": { "start": { "line": 169, "column": 0 }, "end": { "line": 169, "column": 4 } },
        "169": { "start": { "line": 170, "column": 0 }, "end": { "line": 170, "column": 84 } },
        "171": { "start": { "line": 172, "column": 0 }, "end": { "line": 172, "column": 21 } },
        "172": { "start": { "line": 173, "column": 0 }, "end": { "line": 173, "column": 38 } },
        "173": { "start": { "line": 174, "column": 0 }, "end": { "line": 174, "column": 51 } },
        "174": { "start": { "line": 175, "column": 0 }, "end": { "line": 175, "column": 74 } },
        "175": { "start": { "line": 176, "column": 0 }, "end": { "line": 176, "column": 36 } },
        "177": { "start": { "line": 178, "column": 0 }, "end": { "line": 178, "column": 74 } },
        "178": { "start": { "line": 179, "column": 0 }, "end": { "line": 179, "column": 35 } },
        "179": { "start": { "line": 180, "column": 0 }, "end": { "line": 180, "column": 9 } },
        "180": { "start": { "line": 181, "column": 0 }, "end": { "line": 181, "column": 68 } },
        "181": { "start": { "line": 182, "column": 0 }, "end": { "line": 182, "column": 41 } },
        "182": { "start": { "line": 183, "column": 0 }, "end": { "line": 183, "column": 44 } },
        "183": { "start": { "line": 184, "column": 0 }, "end": { "line": 184, "column": 7 } },
        "185": { "start": { "line": 186, "column": 0 }, "end": { "line": 186, "column": 69 } },
        "186": { "start": { "line": 187, "column": 0 }, "end": { "line": 187, "column": 7 } },
        "187": { "start": { "line": 188, "column": 0 }, "end": { "line": 188, "column": 26 } },
        "188": { "start": { "line": 189, "column": 0 }, "end": { "line": 189, "column": 1 } },
        "190": { "start": { "line": 191, "column": 0 }, "end": { "line": 191, "column": 79 } },
        "191": { "start": { "line": 192, "column": 0 }, "end": { "line": 192, "column": 50 } },
        "192": { "start": { "line": 193, "column": 0 }, "end": { "line": 193, "column": 1 } },
        "194": { "start": { "line": 195, "column": 0 }, "end": { "line": 195, "column": 63 } },
        "195": { "start": { "line": 196, "column": 0 }, "end": { "line": 196, "column": 46 } },
        "196": { "start": { "line": 197, "column": 0 }, "end": { "line": 197, "column": 1 } },
        "198": { "start": { "line": 199, "column": 0 }, "end": { "line": 199, "column": 40 } },
        "200": { "start": { "line": 201, "column": 0 }, "end": { "line": 201, "column": 27 } },
        "201": { "start": { "line": 202, "column": 0 }, "end": { "line": 202, "column": 27 } },
        "202": { "start": { "line": 203, "column": 0 }, "end": { "line": 203, "column": 35 } },
        "203": { "start": { "line": 204, "column": 0 }, "end": { "line": 204, "column": 18 } },
        "204": { "start": { "line": 205, "column": 0 }, "end": { "line": 205, "column": 32 } },
        "205": { "start": { "line": 206, "column": 0 }, "end": { "line": 206, "column": 18 } },
        "206": { "start": { "line": 207, "column": 0 }, "end": { "line": 207, "column": 7 } },
        "207": { "start": { "line": 208, "column": 0 }, "end": { "line": 208, "column": 61 } },
        "208": { "start": { "line": 209, "column": 0 }, "end": { "line": 209, "column": 54 } },
        "209": { "start": { "line": 210, "column": 0 }, "end": { "line": 210, "column": 32 } },
        "210": { "start": { "line": 211, "column": 0 }, "end": { "line": 211, "column": 15 } },
        "211": { "start": { "line": 212, "column": 0 }, "end": { "line": 212, "column": 7 } },
        "212": { "start": { "line": 213, "column": 0 }, "end": { "line": 213, "column": 23 } },
        "213": { "start": { "line": 214, "column": 0 }, "end": { "line": 214, "column": 24 } },
        "214": { "start": { "line": 215, "column": 0 }, "end": { "line": 215, "column": 79 } },
        "215": { "start": { "line": 216, "column": 0 }, "end": { "line": 216, "column": 12 } },
        "216": { "start": { "line": 217, "column": 0 }, "end": { "line": 217, "column": 42 } },
        "217": { "start": { "line": 218, "column": 0 }, "end": { "line": 218, "column": 34 } },
        "218": { "start": { "line": 219, "column": 0 }, "end": { "line": 219, "column": 14 } },
        "219": { "start": { "line": 220, "column": 0 }, "end": { "line": 220, "column": 27 } },
        "220": { "start": { "line": 221, "column": 0 }, "end": { "line": 221, "column": 33 } },
        "221": { "start": { "line": 222, "column": 0 }, "end": { "line": 222, "column": 42 } },
        "222": { "start": { "line": 223, "column": 0 }, "end": { "line": 223, "column": 7 } },
        "223": { "start": { "line": 224, "column": 0 }, "end": { "line": 224, "column": 53 } },
        "224": { "start": { "line": 225, "column": 0 }, "end": { "line": 225, "column": 20 } },
        "225": { "start": { "line": 226, "column": 0 }, "end": { "line": 226, "column": 66 } },
        "226": { "start": { "line": 227, "column": 0 }, "end": { "line": 227, "column": 56 } },
        "227": { "start": { "line": 228, "column": 0 }, "end": { "line": 228, "column": 34 } },
        "228": { "start": { "line": 229, "column": 0 }, "end": { "line": 229, "column": 9 } },
        "229": { "start": { "line": 230, "column": 0 }, "end": { "line": 230, "column": 42 } },
        "230": { "start": { "line": 231, "column": 0 }, "end": { "line": 231, "column": 41 } },
        "231": { "start": { "line": 232, "column": 0 }, "end": { "line": 232, "column": 27 } },
        "232": { "start": { "line": 233, "column": 0 }, "end": { "line": 233, "column": 65 } },
        "233": { "start": { "line": 234, "column": 0 }, "end": { "line": 234, "column": 34 } },
        "234": { "start": { "line": 235, "column": 0 }, "end": { "line": 235, "column": 61 } },
        "235": { "start": { "line": 236, "column": 0 }, "end": { "line": 236, "column": 9 } },
        "236": { "start": { "line": 237, "column": 0 }, "end": { "line": 237, "column": 7 } },
        "237": { "start": { "line": 238, "column": 0 }, "end": { "line": 238, "column": 5 } },
        "238": { "start": { "line": 239, "column": 0 }, "end": { "line": 239, "column": 11 } },
        "240": { "start": { "line": 241, "column": 0 }, "end": { "line": 241, "column": 3 } },
        "241": { "start": { "line": 242, "column": 0 }, "end": { "line": 242, "column": 1 } },
        "243": { "start": { "line": 244, "column": 0 }, "end": { "line": 244, "column": 67 } },
        "244": { "start": { "line": 245, "column": 0 }, "end": { "line": 245, "column": 50 } },
        "245": { "start": { "line": 246, "column": 0 }, "end": { "line": 246, "column": 1 } },
        "247": { "start": { "line": 248, "column": 0 }, "end": { "line": 248, "column": 76 } },
        "248": { "start": { "line": 249, "column": 0 }, "end": { "line": 249, "column": 59 } },
        "249": { "start": { "line": 250, "column": 0 }, "end": { "line": 250, "column": 1 } },
        "251": { "start": { "line": 252, "column": 0 }, "end": { "line": 252, "column": 66 } },
        "252": { "start": { "line": 253, "column": 0 }, "end": { "line": 253, "column": 56 } },
        "253": { "start": { "line": 254, "column": 0 }, "end": { "line": 254, "column": 1 } },
        "255": { "start": { "line": 256, "column": 0 }, "end": { "line": 256, "column": 79 } },
        "256": { "start": { "line": 257, "column": 0 }, "end": { "line": 257, "column": 54 } },
        "257": { "start": { "line": 258, "column": 0 }, "end": { "line": 258, "column": 1 } },
        "259": { "start": { "line": 260, "column": 0 }, "end": { "line": 260, "column": 29 } },
        "260": { "start": { "line": 261, "column": 0 }, "end": { "line": 261, "column": 32 } },
        "261": { "start": { "line": 262, "column": 0 }, "end": { "line": 262, "column": 35 } },
        "262": { "start": { "line": 263, "column": 0 }, "end": { "line": 263, "column": 28 } },
        "263": { "start": { "line": 264, "column": 0 }, "end": { "line": 264, "column": 40 } },
        "264": { "start": { "line": 265, "column": 0 }, "end": { "line": 265, "column": 52 } },
        "265": { "start": { "line": 266, "column": 0 }, "end": { "line": 266, "column": 33 } },
        "266": { "start": { "line": 267, "column": 0 }, "end": { "line": 267, "column": 95 } },
        "267": { "start": { "line": 268, "column": 0 }, "end": { "line": 268, "column": 40 } },
        "268": { "start": { "line": 269, "column": 0 }, "end": { "line": 269, "column": 5 } },
        "269": { "start": { "line": 270, "column": 0 }, "end": { "line": 270, "column": 3 } },
        "270": { "start": { "line": 271, "column": 0 }, "end": { "line": 271, "column": 14 } },
        "271": { "start": { "line": 272, "column": 0 }, "end": { "line": 272, "column": 1 } },
        "273": { "start": { "line": 274, "column": 0 }, "end": { "line": 274, "column": 93 } },
        "274": { "start": { "line": 275, "column": 0 }, "end": { "line": 275, "column": 55 } },
        "275": { "start": { "line": 276, "column": 0 }, "end": { "line": 276, "column": 57 } },
        "276": { "start": { "line": 277, "column": 0 }, "end": { "line": 277, "column": 51 } },
        "277": { "start": { "line": 278, "column": 0 }, "end": { "line": 278, "column": 86 } },
        "278": { "start": { "line": 279, "column": 0 }, "end": { "line": 279, "column": 64 } },
        "279": { "start": { "line": 280, "column": 0 }, "end": { "line": 280, "column": 37 } },
        "280": { "start": { "line": 281, "column": 0 }, "end": { "line": 281, "column": 56 } },
        "281": { "start": { "line": 282, "column": 0 }, "end": { "line": 282, "column": 3 } },
        "282": { "start": { "line": 283, "column": 0 }, "end": { "line": 283, "column": 14 } },
        "283": { "start": { "line": 284, "column": 0 }, "end": { "line": 284, "column": 1 } },
        "285": { "start": { "line": 286, "column": 0 }, "end": { "line": 286, "column": 29 } },
        "286": { "start": { "line": 287, "column": 0 }, "end": { "line": 287, "column": 34 } },
        "287": { "start": { "line": 288, "column": 0 }, "end": { "line": 288, "column": 29 } },
        "288": { "start": { "line": 289, "column": 0 }, "end": { "line": 289, "column": 19 } },
        "289": { "start": { "line": 290, "column": 0 }, "end": { "line": 290, "column": 28 } },
        "290": { "start": { "line": 291, "column": 0 }, "end": { "line": 291, "column": 28 } },
        "291": { "start": { "line": 292, "column": 0 }, "end": { "line": 292, "column": 29 } },
        "292": { "start": { "line": 293, "column": 0 }, "end": { "line": 293, "column": 31 } },
        "293": { "start": { "line": 294, "column": 0 }, "end": { "line": 294, "column": 31 } },
        "294": { "start": { "line": 295, "column": 0 }, "end": { "line": 295, "column": 26 } },
        "295": { "start": { "line": 296, "column": 0 }, "end": { "line": 296, "column": 78 } },
        "296": { "start": { "line": 297, "column": 0 }, "end": { "line": 297, "column": 5 } },
        "297": { "start": { "line": 298, "column": 0 }, "end": { "line": 298, "column": 3 } },
        "298": { "start": { "line": 299, "column": 0 }, "end": { "line": 299, "column": 16 } },
        "299": { "start": { "line": 300, "column": 0 }, "end": { "line": 300, "column": 1 } },
        "301": { "start": { "line": 302, "column": 0 }, "end": { "line": 302, "column": 37 } },
        "302": { "start": { "line": 303, "column": 0 }, "end": { "line": 303, "column": 35 } },
        "303": { "start": { "line": 304, "column": 0 }, "end": { "line": 304, "column": 27 } },
        "304": { "start": { "line": 305, "column": 0 }, "end": { "line": 305, "column": 17 } },
        "305": { "start": { "line": 306, "column": 0 }, "end": { "line": 306, "column": 25 } },
        "306": { "start": { "line": 307, "column": 0 }, "end": { "line": 307, "column": 9 } },
        "307": { "start": { "line": 308, "column": 0 }, "end": { "line": 308, "column": 32 } },
        "308": { "start": { "line": 309, "column": 0 }, "end": { "line": 309, "column": 63 } },
        "309": { "start": { "line": 310, "column": 0 }, "end": { "line": 310, "column": 61 } },
        "310": { "start": { "line": 311, "column": 0 }, "end": { "line": 311, "column": 58 } },
        "311": { "start": { "line": 312, "column": 0 }, "end": { "line": 312, "column": 29 } },
        "312": { "start": { "line": 313, "column": 0 }, "end": { "line": 313, "column": 47 } },
        "313": { "start": { "line": 314, "column": 0 }, "end": { "line": 314, "column": 36 } },
        "314": { "start": { "line": 315, "column": 0 }, "end": { "line": 315, "column": 56 } },
        "315": { "start": { "line": 316, "column": 0 }, "end": { "line": 316, "column": 47 } },
        "316": { "start": { "line": 317, "column": 0 }, "end": { "line": 317, "column": 13 } },
        "317": { "start": { "line": 318, "column": 0 }, "end": { "line": 318, "column": 55 } },
        "318": { "start": { "line": 319, "column": 0 }, "end": { "line": 319, "column": 5 } },
        "319": { "start": { "line": 320, "column": 0 }, "end": { "line": 320, "column": 4 } },
        "320": { "start": { "line": 321, "column": 0 }, "end": { "line": 321, "column": 1 } },
        "322": { "start": { "line": 323, "column": 0 }, "end": { "line": 323, "column": 39 } },
        "323": { "start": { "line": 324, "column": 0 }, "end": { "line": 324, "column": 35 } },
        "324": { "start": { "line": 325, "column": 0 }, "end": { "line": 325, "column": 27 } },
        "325": { "start": { "line": 326, "column": 0 }, "end": { "line": 326, "column": 17 } },
        "326": { "start": { "line": 327, "column": 0 }, "end": { "line": 327, "column": 25 } },
        "327": { "start": { "line": 328, "column": 0 }, "end": { "line": 328, "column": 9 } },
        "328": { "start": { "line": 329, "column": 0 }, "end": { "line": 329, "column": 32 } },
        "329": { "start": { "line": 330, "column": 0 }, "end": { "line": 330, "column": 63 } },
        "330": { "start": { "line": 331, "column": 0 }, "end": { "line": 331, "column": 61 } },
        "331": { "start": { "line": 332, "column": 0 }, "end": { "line": 332, "column": 58 } },
        "332": { "start": { "line": 333, "column": 0 }, "end": { "line": 333, "column": 25 } },
        "333": { "start": { "line": 334, "column": 0 }, "end": { "line": 334, "column": 27 } },
        "334": { "start": { "line": 335, "column": 0 }, "end": { "line": 335, "column": 27 } },
        "335": { "start": { "line": 336, "column": 0 }, "end": { "line": 336, "column": 36 } },
        "336": { "start": { "line": 337, "column": 0 }, "end": { "line": 337, "column": 56 } },
        "337": { "start": { "line": 338, "column": 0 }, "end": { "line": 338, "column": 47 } },
        "338": { "start": { "line": 339, "column": 0 }, "end": { "line": 339, "column": 13 } },
        "339": { "start": { "line": 340, "column": 0 }, "end": { "line": 340, "column": 55 } },
        "340": { "start": { "line": 341, "column": 0 }, "end": { "line": 341, "column": 5 } },
        "341": { "start": { "line": 342, "column": 0 }, "end": { "line": 342, "column": 4 } },
        "342": { "start": { "line": 343, "column": 0 }, "end": { "line": 343, "column": 1 } },
        "344": { "start": { "line": 345, "column": 0 }, "end": { "line": 345, "column": 34 } },
        "345": { "start": { "line": 346, "column": 0 }, "end": { "line": 346, "column": 35 } },
        "346": { "start": { "line": 347, "column": 0 }, "end": { "line": 347, "column": 27 } },
        "347": { "start": { "line": 348, "column": 0 }, "end": { "line": 348, "column": 22 } },
        "348": { "start": { "line": 349, "column": 0 }, "end": { "line": 349, "column": 26 } },
        "349": { "start": { "line": 350, "column": 0 }, "end": { "line": 350, "column": 17 } },
        "350": { "start": { "line": 351, "column": 0 }, "end": { "line": 351, "column": 25 } },
        "351": { "start": { "line": 352, "column": 0 }, "end": { "line": 352, "column": 9 } },
        "352": { "start": { "line": 353, "column": 0 }, "end": { "line": 353, "column": 61 } },
        "353": { "start": { "line": 354, "column": 0 }, "end": { "line": 354, "column": 68 } },
        "354": { "start": { "line": 355, "column": 0 }, "end": { "line": 355, "column": 70 } },
        "355": { "start": { "line": 356, "column": 0 }, "end": { "line": 356, "column": 38 } },
        "356": { "start": { "line": 357, "column": 0 }, "end": { "line": 357, "column": 89 } },
        "357": { "start": { "line": 358, "column": 0 }, "end": { "line": 358, "column": 27 } },
        "358": { "start": { "line": 359, "column": 0 }, "end": { "line": 359, "column": 65 } },
        "359": { "start": { "line": 360, "column": 0 }, "end": { "line": 360, "column": 9 } },
        "360": { "start": { "line": 361, "column": 0 }, "end": { "line": 361, "column": 7 } },
        "361": { "start": { "line": 362, "column": 0 }, "end": { "line": 362, "column": 61 } },
        "362": { "start": { "line": 363, "column": 0 }, "end": { "line": 363, "column": 67 } },
        "363": { "start": { "line": 364, "column": 0 }, "end": { "line": 364, "column": 7 } },
        "364": { "start": { "line": 365, "column": 0 }, "end": { "line": 365, "column": 89 } },
        "365": { "start": { "line": 366, "column": 0 }, "end": { "line": 366, "column": 50 } },
        "366": { "start": { "line": 367, "column": 0 }, "end": { "line": 367, "column": 61 } },
        "367": { "start": { "line": 368, "column": 0 }, "end": { "line": 368, "column": 64 } },
        "368": { "start": { "line": 369, "column": 0 }, "end": { "line": 369, "column": 31 } },
        "369": { "start": { "line": 370, "column": 0 }, "end": { "line": 370, "column": 51 } },
        "370": { "start": { "line": 371, "column": 0 }, "end": { "line": 371, "column": 44 } },
        "371": { "start": { "line": 372, "column": 0 }, "end": { "line": 372, "column": 87 } },
        "372": { "start": { "line": 373, "column": 0 }, "end": { "line": 373, "column": 32 } },
        "373": { "start": { "line": 374, "column": 0 }, "end": { "line": 374, "column": 7 } },
        "374": { "start": { "line": 375, "column": 0 }, "end": { "line": 375, "column": 55 } },
        "375": { "start": { "line": 376, "column": 0 }, "end": { "line": 376, "column": 84 } },
        "376": { "start": { "line": 377, "column": 0 }, "end": { "line": 377, "column": 7 } },
        "377": { "start": { "line": 378, "column": 0 }, "end": { "line": 378, "column": 47 } },
        "378": { "start": { "line": 379, "column": 0 }, "end": { "line": 379, "column": 13 } },
        "379": { "start": { "line": 380, "column": 0 }, "end": { "line": 380, "column": 55 } },
        "380": { "start": { "line": 381, "column": 0 }, "end": { "line": 381, "column": 5 } },
        "381": { "start": { "line": 382, "column": 0 }, "end": { "line": 382, "column": 4 } },
        "382": { "start": { "line": 383, "column": 0 }, "end": { "line": 383, "column": 1 } },
        "384": { "start": { "line": 385, "column": 0 }, "end": { "line": 385, "column": 33 } },
        "385": { "start": { "line": 386, "column": 0 }, "end": { "line": 386, "column": 35 } },
        "386": { "start": { "line": 387, "column": 0 }, "end": { "line": 387, "column": 27 } },
        "387": { "start": { "line": 388, "column": 0 }, "end": { "line": 388, "column": 17 } },
        "388": { "start": { "line": 389, "column": 0 }, "end": { "line": 389, "column": 25 } },
        "389": { "start": { "line": 390, "column": 0 }, "end": { "line": 390, "column": 9 } },
        "390": { "start": { "line": 391, "column": 0 }, "end": { "line": 391, "column": 32 } },
        "391": { "start": { "line": 392, "column": 0 }, "end": { "line": 392, "column": 63 } },
        "392": { "start": { "line": 393, "column": 0 }, "end": { "line": 393, "column": 61 } },
        "393": { "start": { "line": 394, "column": 0 }, "end": { "line": 394, "column": 59 } },
        "394": { "start": { "line": 395, "column": 0 }, "end": { "line": 395, "column": 46 } },
        "395": { "start": { "line": 396, "column": 0 }, "end": { "line": 396, "column": 9 } },
        "396": { "start": { "line": 397, "column": 0 }, "end": { "line": 397, "column": 56 } },
        "397": { "start": { "line": 398, "column": 0 }, "end": { "line": 398, "column": 89 } },
        "398": { "start": { "line": 399, "column": 0 }, "end": { "line": 399, "column": 19 } },
        "399": { "start": { "line": 400, "column": 0 }, "end": { "line": 400, "column": 52 } },
        "400": { "start": { "line": 401, "column": 0 }, "end": { "line": 401, "column": 33 } },
        "401": { "start": { "line": 402, "column": 0 }, "end": { "line": 402, "column": 24 } },
        "402": { "start": { "line": 403, "column": 0 }, "end": { "line": 403, "column": 19 } },
        "403": { "start": { "line": 404, "column": 0 }, "end": { "line": 404, "column": 32 } },
        "404": { "start": { "line": 405, "column": 0 }, "end": { "line": 405, "column": 48 } },
        "405": { "start": { "line": 406, "column": 0 }, "end": { "line": 406, "column": 21 } },
        "406": { "start": { "line": 407, "column": 0 }, "end": { "line": 407, "column": 40 } },
        "407": { "start": { "line": 408, "column": 0 }, "end": { "line": 408, "column": 22 } },
        "408": { "start": { "line": 409, "column": 0 }, "end": { "line": 409, "column": 14 } },
        "409": { "start": { "line": 410, "column": 0 }, "end": { "line": 410, "column": 12 } },
        "410": { "start": { "line": 411, "column": 0 }, "end": { "line": 411, "column": 9 } },
        "411": { "start": { "line": 412, "column": 0 }, "end": { "line": 412, "column": 7 } },
        "412": { "start": { "line": 413, "column": 0 }, "end": { "line": 413, "column": 57 } },
        "413": { "start": { "line": 414, "column": 0 }, "end": { "line": 414, "column": 21 } },
        "414": { "start": { "line": 415, "column": 0 }, "end": { "line": 415, "column": 73 } },
        "415": { "start": { "line": 416, "column": 0 }, "end": { "line": 416, "column": 7 } },
        "416": { "start": { "line": 417, "column": 0 }, "end": { "line": 417, "column": 47 } },
        "417": { "start": { "line": 418, "column": 0 }, "end": { "line": 418, "column": 13 } },
        "418": { "start": { "line": 419, "column": 0 }, "end": { "line": 419, "column": 55 } },
        "419": { "start": { "line": 420, "column": 0 }, "end": { "line": 420, "column": 5 } },
        "420": { "start": { "line": 421, "column": 0 }, "end": { "line": 421, "column": 4 } },
        "421": { "start": { "line": 422, "column": 0 }, "end": { "line": 422, "column": 1 } },
        "423": { "start": { "line": 424, "column": 0 }, "end": { "line": 424, "column": 36 } },
        "424": { "start": { "line": 425, "column": 0 }, "end": { "line": 425, "column": 35 } },
        "425": { "start": { "line": 426, "column": 0 }, "end": { "line": 426, "column": 27 } },
        "426": { "start": { "line": 427, "column": 0 }, "end": { "line": 427, "column": 17 } },
        "427": { "start": { "line": 428, "column": 0 }, "end": { "line": 428, "column": 25 } },
        "428": { "start": { "line": 429, "column": 0 }, "end": { "line": 429, "column": 9 } },
        "429": { "start": { "line": 430, "column": 0 }, "end": { "line": 430, "column": 54 } },
        "430": { "start": { "line": 431, "column": 0 }, "end": { "line": 431, "column": 60 } },
        "431": { "start": { "line": 432, "column": 0 }, "end": { "line": 432, "column": 7 } },
        "432": { "start": { "line": 433, "column": 0 }, "end": { "line": 433, "column": 58 } },
        "433": { "start": { "line": 434, "column": 0 }, "end": { "line": 434, "column": 48 } },
        "434": { "start": { "line": 435, "column": 0 }, "end": { "line": 435, "column": 28 } },
        "435": { "start": { "line": 436, "column": 0 }, "end": { "line": 436, "column": 16 } },
        "436": { "start": { "line": 437, "column": 0 }, "end": { "line": 437, "column": 26 } },
        "437": { "start": { "line": 438, "column": 0 }, "end": { "line": 438, "column": 77 } },
        "438": { "start": { "line": 439, "column": 0 }, "end": { "line": 439, "column": 10 } },
        "439": { "start": { "line": 440, "column": 0 }, "end": { "line": 440, "column": 7 } },
        "440": { "start": { "line": 441, "column": 0 }, "end": { "line": 441, "column": 91 } },
        "441": { "start": { "line": 442, "column": 0 }, "end": { "line": 442, "column": 34 } },
        "442": { "start": { "line": 443, "column": 0 }, "end": { "line": 443, "column": 47 } },
        "443": { "start": { "line": 444, "column": 0 }, "end": { "line": 444, "column": 43 } },
        "444": { "start": { "line": 445, "column": 0 }, "end": { "line": 445, "column": 55 } },
        "445": { "start": { "line": 446, "column": 0 }, "end": { "line": 446, "column": 9 } },
        "446": { "start": { "line": 447, "column": 0 }, "end": { "line": 447, "column": 100 } },
        "447": { "start": { "line": 448, "column": 0 }, "end": { "line": 448, "column": 33 } },
        "448": { "start": { "line": 449, "column": 0 }, "end": { "line": 449, "column": 9 } },
        "449": { "start": { "line": 450, "column": 0 }, "end": { "line": 450, "column": 7 } },
        "450": { "start": { "line": 451, "column": 0 }, "end": { "line": 451, "column": 61 } },
[...]
        "104": { "start": { "line": 105, "column": 0 }, "end": { "line": 105, "column": 8 } },
        "105": { "start": { "line": 106, "column": 0 }, "end": { "line": 106, "column": 7 } },
        "106": { "start": { "line": 107, "column": 0 }, "end": { "line": 107, "column": 23 } },
        "107": { "start": { "line": 108, "column": 0 }, "end": { "line": 108, "column": 50 } },
        "108": { "start": { "line": 109, "column": 0 }, "end": { "line": 109, "column": 52 } },
        "109": { "start": { "line": 110, "column": 0 }, "end": { "line": 110, "column": 38 } },
        "110": { "start": { "line": 111, "column": 0 }, "end": { "line": 111, "column": 20 } },
        "111": { "start": { "line": 112, "column": 0 }, "end": { "line": 112, "column": 97 } },
        "112": { "start": { "line": 113, "column": 0 }, "end": { "line": 113, "column": 8 } },
        "113": { "start": { "line": 114, "column": 0 }, "end": { "line": 114, "column": 6 } },
        "114": { "start": { "line": 115, "column": 0 }, "end": { "line": 115, "column": 3 } },
        "116": { "start": { "line": 117, "column": 0 }, "end": { "line": 117, "column": 40 } },
        "117": { "start": { "line": 118, "column": 0 }, "end": { "line": 118, "column": 17 } },
        "118": { "start": { "line": 119, "column": 0 }, "end": { "line": 119, "column": 21 } },
        "119": { "start": { "line": 120, "column": 0 }, "end": { "line": 120, "column": 46 } },
        "120": { "start": { "line": 121, "column": 0 }, "end": { "line": 121, "column": 48 } },
        "121": { "start": { "line": 122, "column": 0 }, "end": { "line": 122, "column": 47 } },
        "122": { "start": { "line": 123, "column": 0 }, "end": { "line": 123, "column": 18 } },
        "123": { "start": { "line": 124, "column": 0 }, "end": { "line": 124, "column": 93 } },
        "124": { "start": { "line": 125, "column": 0 }, "end": { "line": 125, "column": 7 } },
        "125": { "start": { "line": 126, "column": 0 }, "end": { "line": 126, "column": 3 } },
        "127": { "start": { "line": 128, "column": 0 }, "end": { "line": 128, "column": 28 } },
        "128": { "start": { "line": 129, "column": 0 }, "end": { "line": 129, "column": 16 } },
        "129": { "start": { "line": 130, "column": 0 }, "end": { "line": 130, "column": 7 } },
        "130": { "start": { "line": 131, "column": 0 }, "end": { "line": 131, "column": 22 } },
        "131": { "start": { "line": 132, "column": 0 }, "end": { "line": 132, "column": 49 } },
        "132": { "start": { "line": 133, "column": 0 }, "end": { "line": 133, "column": 55 } },
        "133": { "start": { "line": 134, "column": 0 }, "end": { "line": 134, "column": 46 } },
        "134": { "start": { "line": 135, "column": 0 }, "end": { "line": 135, "column": 20 } },
        "135": { "start": { "line": 136, "column": 0 }, "end": { "line": 136, "column": 100 } },
        "136": { "start": { "line": 137, "column": 0 }, "end": { "line": 137, "column": 8 } },
        "137": { "start": { "line": 138, "column": 0 }, "end": { "line": 138, "column": 7 } },
        "138": { "start": { "line": 139, "column": 0 }, "end": { "line": 139, "column": 23 } },
        "139": { "start": { "line": 140, "column": 0 }, "end": { "line": 140, "column": 68 } },
        "140": { "start": { "line": 141, "column": 0 }, "end": { "line": 141, "column": 57 } },
        "141": { "start": { "line": 142, "column": 0 }, "end": { "line": 142, "column": 58 } },
        "142": { "start": { "line": 143, "column": 0 }, "end": { "line": 143, "column": 20 } },
        "143": { "start": { "line": 144, "column": 0 }, "end": { "line": 144, "column": 33 } },
        "144": { "start": { "line": 145, "column": 0 }, "end": { "line": 145, "column": 59 } },
        "145": { "start": { "line": 146, "column": 0 }, "end": { "line": 146, "column": 16 } },
        "146": { "start": { "line": 147, "column": 0 }, "end": { "line": 147, "column": 21 } },
        "147": { "start": { "line": 148, "column": 0 }, "end": { "line": 148, "column": 10 } },
        "148": { "start": { "line": 149, "column": 0 }, "end": { "line": 149, "column": 8 } },
        "149": { "start": { "line": 150, "column": 0 }, "end": { "line": 150, "column": 6 } },
        "150": { "start": { "line": 151, "column": 0 }, "end": { "line": 151, "column": 3 } },
        "152": { "start": { "line": 153, "column": 0 }, "end": { "line": 153, "column": 20 } },
        "153": { "start": { "line": 154, "column": 0 }, "end": { "line": 154, "column": 1 } },
        "155": { "start": { "line": 156, "column": 0 }, "end": { "line": 156, "column": 40 } },
        "156": { "start": { "line": 157, "column": 0 }, "end": { "line": 157, "column": 38 } },
        "157": { "start": { "line": 158, "column": 0 }, "end": { "line": 158, "column": 27 } },
        "158": { "start": { "line": 159, "column": 0 }, "end": { "line": 159, "column": 32 } },
        "159": { "start": { "line": 160, "column": 0 }, "end": { "line": 160, "column": 23 } },
        "160": { "start": { "line": 161, "column": 0 }, "end": { "line": 161, "column": 76 } },
        "161": { "start": { "line": 162, "column": 0 }, "end": { "line": 162, "column": 1 } },
        "163": { "start": { "line": 164, "column": 0 }, "end": { "line": 164, "column": 35 } },
        "164": { "start": { "line": 165, "column": 0 }, "end": { "line": 165, "column": 30 } },
        "165": { "start": { "line": 166, "column": 0 }, "end": { "line": 166, "column": 27 } },
        "166": { "start": { "line": 167, "column": 0 }, "end": { "line": 167, "column": 32 } },
        "167": { "start": { "line": 168, "column": 0 }, "end": { "line": 168, "column": 21 } },
        "168": { "start": { "line": 169, "column": 0 }, "end": { "line": 169, "column": 46 } },
        "169": { "start": { "line": 170, "column": 0 }, "end": { "line": 170, "column": 30 } },
        "170": { "start": { "line": 171, "column": 0 }, "end": { "line": 171, "column": 30 } },
        "172": { "start": { "line": 173, "column": 0 }, "end": { "line": 173, "column": 37 } },
        "173": { "start": { "line": 174, "column": 0 }, "end": { "line": 174, "column": 5 } },
        "174": { "start": { "line": 175, "column": 0 }, "end": { "line": 175, "column": 20 } },
        "175": { "start": { "line": 176, "column": 0 }, "end": { "line": 176, "column": 42 } },
        "176": { "start": { "line": 177, "column": 0 }, "end": { "line": 177, "column": 50 } },
        "177": { "start": { "line": 178, "column": 0 }, "end": { "line": 178, "column": 28 } },
        "178": { "start": { "line": 179, "column": 0 }, "end": { "line": 179, "column": 24 } },
        "179": { "start": { "line": 180, "column": 0 }, "end": { "line": 180, "column": 58 } },
        "180": { "start": { "line": 181, "column": 0 }, "end": { "line": 181, "column": 6 } },
        "181": { "start": { "line": 182, "column": 0 }, "end": { "line": 182, "column": 5 } },
        "182": { "start": { "line": 183, "column": 0 }, "end": { "line": 183, "column": 20 } },
        "183": { "start": { "line": 184, "column": 0 }, "end": { "line": 184, "column": 42 } },
        "184": { "start": { "line": 185, "column": 0 }, "end": { "line": 185, "column": 53 } },
        "185": { "start": { "line": 186, "column": 0 }, "end": { "line": 186, "column": 41 } },
        "186": { "start": { "line": 187, "column": 0 }, "end": { "line": 187, "column": 24 } },
        "187": { "start": { "line": 188, "column": 0 }, "end": { "line": 188, "column": 61 } },
        "188": { "start": { "line": 189, "column": 0 }, "end": { "line": 189, "column": 6 } },
        "189": { "start": { "line": 190, "column": 0 }, "end": { "line": 190, "column": 4 } },
        "191": { "start": { "line": 192, "column": 0 }, "end": { "line": 192, "column": 20 } },
        "192": { "start": { "line": 193, "column": 0 }, "end": { "line": 193, "column": 1 } },
        "194": { "start": { "line": 195, "column": 0 }, "end": { "line": 195, "column": 36 } },
        "195": { "start": { "line": 196, "column": 0 }, "end": { "line": 196, "column": 30 } },
        "196": { "start": { "line": 197, "column": 0 }, "end": { "line": 197, "column": 27 } },
        "197": { "start": { "line": 198, "column": 0 }, "end": { "line": 198, "column": 32 } },
        "198": { "start": { "line": 199, "column": 0 }, "end": { "line": 199, "column": 23 } },
        "199": { "start": { "line": 200, "column": 0 }, "end": { "line": 200, "column": 68 } },
        "200": { "start": { "line": 201, "column": 0 }, "end": { "line": 201, "column": 1 } }
      },
      "s": {
        "3": 1,
        "4": 1,
        "20": 143,
        "21": 143,
        "22": 143,
        "23": 143,
        "24": 143,
        "25": 143,
        "27": 1,
        "28": 21,
        "29": 21,
        "30": 21,
        "31": 21,
        "32": 21,
        "33": 21,
        "34": 21,
        "35": 21,
        "36": 21,
        "37": 21,
        "38": 21,
        "40": 21,
        "41": 21,
        "42": 21,
        "43": 21,
        "44": 21,
        "45": 21,
        "46": 21,
        "47": 21,
        "48": 21,
        "49": 21,
        "50": 21,
        "51": 21,
        "52": 21,
        "53": 21,
        "54": 21,
        "55": 21,
        "56": 21,
        "57": 21,
        "58": 21,
        "59": 21,
        "60": 21,
        "61": 21,
        "62": 21,
        "63": 21,
        "64": 21,
        "65": 21,
        "66": 21,
        "67": 21,
        "68": 21,
        "69": 21,
        "70": 21,
        "71": 21,
        "72": 21,
        "73": 21,
        "74": 21,
        "75": 21,
        "76": 21,
        "77": 21,
        "78": 21,
        "79": 21,
        "80": 21,
        "81": 21,
        "82": 21,
        "83": 21,
        "84": 21,
        "85": 21,
        "86": 21,
        "87": 21,
        "88": 21,
        "89": 21,
        "90": 21,
        "91": 21,
        "92": 21,
        "93": 21,
        "95": 21,
        "96": 1,
        "97": 1,
        "98": 1,
        "99": 1,
        "100": 1,
        "101": 1,
        "102": 1,
        "103": 1,
        "104": 1,
        "105": 1,
        "106": 1,
        "107": 1,
        "108": 1,
        "109": 1,
        "110": 1,
        "111": 1,
        "112": 1,
        "113": 1,
        "114": 1,
        "116": 21,
        "117": 1,
        "118": 1,
        "119": 1,
        "120": 1,
        "121": 1,
        "122": 1,
        "123": 1,
        "124": 1,
        "125": 1,
        "127": 21,
        "128": 2,
        "129": 2,
        "130": 2,
        "131": 2,
        "132": 2,
        "133": 2,
        "134": 2,
        "135": 2,
        "136": 2,
        "137": 2,
        "138": 2,
        "139": 2,
        "140": 2,
        "141": 2,
        "142": 2,
        "143": 2,
        "144": 2,
        "145": 2,
        "146": 2,
        "147": 2,
        "148": 2,
        "149": 2,
        "150": 2,
        "152": 21,
        "153": 21,
        "155": 1,
        "156": 2,
        "157": 2,
        "158": 2,
        "159": 2,
        "160": 2,
        "161": 2,
        "163": 1,
        "164": 5,
        "165": 5,
        "166": 5,
        "167": 5,
        "168": 5,
        "169": 5,
        "170": 5,
        "172": 5,
        "173": 5,
        "174": 5,
        "175": 5,
        "176": 5,
        "177": 5,
        "178": 5,
        "179": 5,
        "180": 5,
        "181": 5,
        "182": 5,
        "183": 5,
        "184": 5,
        "185": 5,
        "186": 5,
        "187": 5,
        "188": 5,
        "189": 5,
        "191": 5,
        "192": 5,
        "194": 1,
        "195": 2,
        "196": 2,
        "197": 2,
        "198": 2,
        "199": 2,
        "200": 2
      },
      "branchMap": {
        "0": {
          "type": "branch",
          "line": 21,
          "loc": { "start": { "line": 21, "column": 0 }, "end": { "line": 26, "column": 1 } },
          "locations": [
            { "start": { "line": 21, "column": 0 }, "end": { "line": 26, "column": 1 } }
          ]
        },
        "1": {
          "type": "branch",
          "line": 24,
          "loc": { "start": { "line": 24, "column": 9 }, "end": { "line": 24, "column": 63 } },
          "locations": [
            { "start": { "line": 24, "column": 9 }, "end": { "line": 24, "column": 63 } }
          ]
        },
        "2": {
          "type": "branch",
          "line": 28,
          "loc": { "start": { "line": 28, "column": 7 }, "end": { "line": 154, "column": 1 } },
          "locations": [
            { "start": { "line": 28, "column": 7 }, "end": { "line": 154, "column": 1 } }
          ]
        },
        "3": {
          "type": "branch",
          "line": 33,
          "loc": { "start": { "line": 33, "column": 19 }, "end": { "line": 33, "column": 39 } },
          "locations": [
            { "start": { "line": 33, "column": 19 }, "end": { "line": 33, "column": 39 } }
          ]
        },
        "4": {
          "type": "branch",
          "line": 33,
          "loc": { "start": { "line": 33, "column": 27 }, "end": { "line": 33, "column": 46 } },
          "locations": [
            { "start": { "line": 33, "column": 27 }, "end": { "line": 33, "column": 46 } }
          ]
        },
        "5": {
          "type": "branch",
          "line": 34,
          "loc": { "start": { "line": 34, "column": 22 }, "end": { "line": 34, "column": 45 } },
          "locations": [
            { "start": { "line": 34, "column": 22 }, "end": { "line": 34, "column": 45 } }
          ]
        },
        "6": {
          "type": "branch",
          "line": 35,
          "loc": { "start": { "line": 35, "column": 26 }, "end": { "line": 35, "column": 53 } },
          "locations": [
            { "start": { "line": 35, "column": 26 }, "end": { "line": 35, "column": 53 } }
          ]
        },
        "7": {
          "type": "branch",
          "line": 36,
          "loc": { "start": { "line": 36, "column": 16 }, "end": { "line": 36, "column": 30 } },
          "locations": [
            { "start": { "line": 36, "column": 16 }, "end": { "line": 36, "column": 30 } }
          ]
        },
        "8": {
          "type": "branch",
          "line": 96,
          "loc": { "start": { "line": 96, "column": 17 }, "end": { "line": 96, "column": 35 } },
          "locations": [
            { "start": { "line": 96, "column": 17 }, "end": { "line": 96, "column": 35 } }
          ]
        },
        "9": {
          "type": "branch",
          "line": 96,
          "loc": { "start": { "line": 96, "column": 35 }, "end": { "line": 115, "column": 3 } },
          "locations": [
            { "start": { "line": 96, "column": 35 }, "end": { "line": 115, "column": 3 } }
          ]
        },
        "10": {
          "type": "branch",
          "line": 117,
          "loc": { "start": { "line": 117, "column": 17 }, "end": { "line": 117, "column": 39 } },
          "locations": [
            { "start": { "line": 117, "column": 17 }, "end": { "line": 117, "column": 39 } }
          ]
        },
        "11": {
          "type": "branch",
          "line": 117,
          "loc": { "start": { "line": 117, "column": 39 }, "end": { "line": 126, "column": 3 } },
          "locations": [
            { "start": { "line": 117, "column": 39 }, "end": { "line": 126, "column": 3 } }
          ]
        },
        "12": {
          "type": "branch",
          "line": 128,
          "loc": { "start": { "line": 128, "column": 27 }, "end": { "line": 151, "column": 3 } },
          "locations": [
            { "start": { "line": 128, "column": 27 }, "end": { "line": 151, "column": 3 } }
          ]
        },
        "13": {
          "type": "branch",
          "line": 156,
          "loc": { "start": { "line": 156, "column": 7 }, "end": { "line": 162, "column": 1 } },
          "locations": [
            { "start": { "line": 156, "column": 7 }, "end": { "line": 162, "column": 1 } }
          ]
        },
        "14": {
          "type": "branch",
          "line": 161,
          "loc": { "start": { "line": 161, "column": 25 }, "end": { "line": 161, "column": 74 } },
          "locations": [
            { "start": { "line": 161, "column": 25 }, "end": { "line": 161, "column": 74 } }
          ]
        },
        "15": {
          "type": "branch",
          "line": 164,
          "loc": { "start": { "line": 164, "column": 7 }, "end": { "line": 193, "column": 1 } },
          "locations": [
            { "start": { "line": 164, "column": 7 }, "end": { "line": 193, "column": 1 } }
          ]
        },
        "16": {
          "type": "branch",
          "line": 169,
          "loc": { "start": { "line": 169, "column": 19 }, "end": { "line": 169, "column": 39 } },
          "locations": [
            { "start": { "line": 169, "column": 19 }, "end": { "line": 169, "column": 39 } }
          ]
        },
        "17": {
          "type": "branch",
          "line": 169,
          "loc": { "start": { "line": 169, "column": 27 }, "end": { "line": 169, "column": 46 } },
          "locations": [
            { "start": { "line": 169, "column": 27 }, "end": { "line": 169, "column": 46 } }
          ]
        },
        "18": {
          "type": "branch",
          "line": 195,
          "loc": { "start": { "line": 195, "column": 7 }, "end": { "line": 201, "column": 1 } },
          "locations": [
            { "start": { "line": 195, "column": 7 }, "end": { "line": 201, "column": 1 } }
          ]
        },
        "19": {
          "type": "branch",
          "line": 200,
          "loc": { "start": { "line": 200, "column": 21 }, "end": { "line": 200, "column": 66 } },
          "locations": [
            { "start": { "line": 200, "column": 21 }, "end": { "line": 200, "column": 66 } }
          ]
        }
      },
      "b": {
        "0": [143],
        "1": [159],
        "2": [21],
        "3": [2],
        "4": [20],
        "5": [2],
        "6": [2],
        "7": [2],
        "8": [2],
        "9": [1],
        "10": [2],
        "11": [1],
        "12": [2],
        "13": [2],
        "14": [4],
        "15": [5],
        "16": [2],
        "17": [3],
        "18": [2],
        "19": [3]
      },
      "fnMap": {
        "0": {
          "name": "pascalCase",
          "decl": { "start": { "line": 21, "column": 0 }, "end": { "line": 26, "column": 1 } },
          "loc": { "start": { "line": 21, "column": 0 }, "end": { "line": 26, "column": 1 } },
          "line": 21
        },
        "1": {
          "name": "createCollectionRouter",
          "decl": { "start": { "line": 28, "column": 7 }, "end": { "line": 154, "column": 1 } },
          "loc": { "start": { "line": 28, "column": 7 }, "end": { "line": 154, "column": 1 } },
          "line": 28
        },
        "2": {
          "name": "createCollectionRouters",
          "decl": { "start": { "line": 156, "column": 7 }, "end": { "line": 162, "column": 1 } },
          "loc": { "start": { "line": 156, "column": 7 }, "end": { "line": 162, "column": 1 } },
          "line": 156
        },
        "3": {
          "name": "createGlobalRouter",
          "decl": { "start": { "line": 164, "column": 7 }, "end": { "line": 193, "column": 1 } },
          "loc": { "start": { "line": 164, "column": 7 }, "end": { "line": 193, "column": 1 } },
          "line": 164
        },
        "4": {
          "name": "createGlobalRouters",
          "decl": { "start": { "line": 195, "column": 7 }, "end": { "line": 201, "column": 1 } },
          "loc": { "start": { "line": 195, "column": 7 }, "end": { "line": 201, "column": 1 } },
          "line": 195
        }
      },
      "f": { "0": 143, "1": 21, "2": 2, "3": 5, "4": 2 }
    },
    "/Volumes/ACASIS BIWIN 1TB/Personal/Projects/altrugenix_cms/packages/rest-api/src/types.ts": {
      "path": "/Volumes/ACASIS BIWIN 1TB/Personal/Projects/altrugenix_cms/packages/rest-api/src/types.ts",
      "all": false,
      "statementMap": {},
      "s": {},
      "branchMap": {},
      "b": {},
      "fnMap": {},
      "f": {}
    }
  }
}
